2/17/2022, 6:43:45 PM - INFO - Server is running on port: 3030
2/17/2022, 6:50:09 PM - INFO - Server is running on port: 3030
2/17/2022, 7:09:01 PM - INFO - Server is running on port: 3030
2/18/2022, 7:45:34 AM - INFO - Server is running on port: 3030
2/18/2022, 1:43:38 PM - INFO - Server is running on port: 3030
2/18/2022, 6:23:14 PM - INFO - Server is running on port: 3030
2/18/2022, 6:23:42 PM - INFO - Server is running on port: 3030
2/18/2022, 6:28:04 PM - INFO - Server is running on port: 3030
2/18/2022, 6:41:44 PM - INFO - Server is running on port: 3030
2/18/2022, 6:46:03 PM - INFO - Server is running on port: 3030
2/18/2022, 6:46:59 PM - INFO - Server is running on port: 3030
2/18/2022, 6:47:13 PM - INFO - Server is running on port: 3030
2/18/2022, 6:47:49 PM - INFO - Server is running on port: 3030
2/18/2022, 6:48:06 PM - INFO - Server is running on port: 3030
2/18/2022, 6:49:26 PM - INFO - Server is running on port: 3030
2/18/2022, 6:49:31 PM - ERROR - Failed to get transaction | {}
2/18/2022, 6:50:01 PM - INFO - Server is running on port: 3030
2/18/2022, 6:52:02 PM - INFO - Server is running on port: 3030
2/18/2022, 6:52:19 PM - INFO - Server is running on port: 3030
2/18/2022, 6:52:47 PM - INFO - Server is running on port: 3030
2/18/2022, 6:53:20 PM - INFO - Server is running on port: 3030
2/18/2022, 7:23:52 PM - INFO - Server is running on port: 3030
2/18/2022, 7:53:47 PM - INFO - Server is running on port: 3030
2/18/2022, 7:54:20 PM - INFO - Server is running on port: 3030
2/18/2022, 7:54:35 PM - INFO - Server is running on port: 3030
2/18/2022, 7:55:37 PM - INFO - Server is running on port: 3030
2/18/2022, 7:57:59 PM - INFO - Server is running on port: 3030
2/18/2022, 7:58:06 PM - ERROR - while finding transaction 0 | {}
2/18/2022, 7:58:06 PM - ERROR - Failed to get transaction | {}
2/18/2022, 8:00:52 PM - INFO - Server is running on port: 3030
2/18/2022, 9:42:49 PM - INFO - Server is running on port: 3030
2/18/2022, 9:44:50 PM - INFO - Server is running on port: 3030
2/18/2022, 9:45:20 PM - INFO - Server is running on port: 3030
2/18/2022, 9:51:40 PM - INFO - Server is running on port: 3030
2/18/2022, 9:57:51 PM - INFO - Server is running on port: 3030
2/18/2022, 10:39:29 PM - INFO - Server is running on port: 3030
2/18/2022, 10:39:36 PM - ERROR - while finding transaction 0 | {}
2/18/2022, 10:39:36 PM - ERROR - Failed to get transaction | {}
2/18/2022, 10:41:47 PM - INFO - Server is running on port: 3030
2/18/2022, 10:42:13 PM - INFO - Server is running on port: 3030
2/18/2022, 10:42:21 PM - ERROR - while finding transaction 0 | {}
2/18/2022, 10:42:21 PM - ERROR - Failed to get transaction | {}
2/18/2022, 10:45:44 PM - INFO - Server is running on port: 3030
2/18/2022, 10:46:58 PM - INFO - Server is running on port: 3030
2/18/2022, 10:47:45 PM - INFO - Server is running on port: 3030
2/18/2022, 10:49:53 PM - INFO - Server is running on port: 3030
2/18/2022, 10:57:51 PM - INFO - Server is running on port: 3030
2/18/2022, 10:58:06 PM - INFO - Server is running on port: 3030
2/18/2022, 10:59:26 PM - INFO - Server is running on port: 3030
2/18/2022, 11:28:09 PM - INFO - Server is running on port: 3030
2/18/2022, 11:28:22 PM - INFO - Server is running on port: 3030
2/18/2022, 11:28:32 PM - INFO - Server is running on port: 3030
2/18/2022, 11:28:57 PM - INFO - Server is running on port: 3030
2/18/2022, 11:34:25 PM - INFO - Server is running on port: 3030
2/18/2022, 11:35:11 PM - INFO - Server is running on port: 3030
2/18/2022, 11:35:17 PM - INFO - Server is running on port: 3030
2/18/2022, 11:37:47 PM - INFO - Server is running on port: 3030
2/18/2022, 11:39:01 PM - INFO - Server is running on port: 3030
2/19/2022, 12:17:00 AM - INFO - Server is running on port: 3030
2/19/2022, 1:05:56 AM - INFO - Server is running on port: 3030
2/19/2022, 1:06:11 AM - INFO - Server is running on port: 3030
2/19/2022, 1:06:30 AM - INFO - Server is running on port: 3030
2/19/2022, 1:07:21 AM - INFO - Server is running on port: 3030
2/19/2022, 9:11:26 AM - INFO - Server is running on port: 3030
2/19/2022, 1:39:02 PM - INFO - Server is running on port: 3030
2/19/2022, 1:39:33 PM - INFO - Server is running on port: 3030
2/19/2022, 2:14:05 PM - INFO - Server is running on port: 3030
2/19/2022, 2:14:16 PM - INFO - Server is running on port: 3030
2/19/2022, 2:14:43 PM - INFO - Server is running on port: 3030
2/19/2022, 2:18:28 PM - INFO - Server is running on port: 3030
2/19/2022, 2:22:11 PM - ERROR - cannot find customers | {}
2/19/2022, 2:22:11 PM - ERROR - Failed to get customer | {}
2/19/2022, 2:22:31 PM - INFO - Server is running on port: 3030
2/19/2022, 9:53:51 PM - INFO - Server is running on port: 3030
2/19/2022, 9:57:07 PM - INFO - Server is running on port: 3030
2/19/2022, 10:03:40 PM - INFO - Server is running on port: 3030
2/19/2022, 10:17:06 PM - INFO - Server is running on port: 3030
2/19/2022, 10:17:39 PM - INFO - Server is running on port: 3030
2/19/2022, 10:51:06 PM - INFO - Server is running on port: 3030
2/19/2022, 11:06:10 PM - INFO - Server is running on port: 3030
2/19/2022, 11:10:39 PM - INFO - Server is running on port: 3030
2/19/2022, 11:11:59 PM - INFO - Server is running on port: 3030
2/19/2022, 11:53:07 PM - INFO - Server is running on port: 3030
2/19/2022, 11:54:07 PM - INFO - Server is running on port: 3030
2/19/2022, 11:54:29 PM - INFO - Server is running on port: 3030
2/19/2022, 11:55:02 PM - INFO - Server is running on port: 3030
2/19/2022, 11:55:24 PM - INFO - Server is running on port: 3030
2/19/2022, 11:55:34 PM - INFO - Server is running on port: 3030
2/19/2022, 11:56:22 PM - INFO - Server is running on port: 3030
2/19/2022, 11:58:12 PM - INFO - Server is running on port: 3030
2/20/2022, 12:02:31 AM - INFO - Server is running on port: 3030
2/20/2022, 7:51:16 AM - INFO - Server is running on port: 3030
2/20/2022, 8:53:31 AM - ERROR - while finding customer 6211e56692e38b647e94cb61 | {}
2/20/2022, 8:53:31 AM - ERROR - Failed to get customer | {}
2/20/2022, 8:54:49 AM - ERROR - while finding customer 6211e56692e38b647e94cb61 | {}
2/20/2022, 8:54:49 AM - ERROR - Failed to get customer | {}
2/20/2022, 8:57:28 AM - ERROR - while finding customer 6211e65292e38b647e94cb62 | {}
2/20/2022, 8:57:28 AM - ERROR - Failed to get customer | {}
2/20/2022, 9:01:51 AM - ERROR - while finding customer 6211e74f92e38b647e94cb63 | {}
2/20/2022, 9:01:51 AM - ERROR - Failed to get customer | {}
2/20/2022, 9:04:43 AM - ERROR - while finding customer 6211e74f92e38b647e94cb63 | {}
2/20/2022, 9:04:43 AM - ERROR - Failed to get customer | {}
2/20/2022, 9:06:24 AM - INFO - Server is running on port: 3030
2/20/2022, 9:12:09 AM - INFO - Server is running on port: 3030
2/20/2022, 9:16:22 AM - INFO - Server is running on port: 3030
2/20/2022, 9:16:28 AM - INFO - Server is running on port: 3030
2/20/2022, 9:19:16 AM - INFO - Server is running on port: 3030
2/20/2022, 9:21:07 AM - INFO - Server is running on port: 3030
2/20/2022, 9:25:39 AM - ERROR - while finding customer 6211eceb0eb9d96cb59f637e | {}
2/20/2022, 9:25:39 AM - ERROR - Failed to get customer | {}
2/20/2022, 9:27:42 AM - INFO - Server is running on port: 3030
2/20/2022, 9:28:00 AM - ERROR - while finding customer 6211eceb0eb9d96cb59f637e | {}
2/20/2022, 9:28:00 AM - ERROR - Failed to get customer | {}
2/20/2022, 9:28:25 AM - INFO - Server is running on port: 3030
2/20/2022, 9:28:39 AM - ERROR - while finding customer 6211eceb0eb9d96cb59f637e | {}
2/20/2022, 9:28:39 AM - ERROR - Failed to get customer | {}
2/20/2022, 9:29:26 AM - INFO - Server is running on port: 3030
2/20/2022, 9:31:54 AM - INFO - Server is running on port: 3030
2/20/2022, 9:32:10 AM - INFO - Server is running on port: 3030
2/20/2022, 9:33:01 AM - ERROR - while finding customer 6211eeaafdb9836e2272066e | {}
2/20/2022, 9:33:01 AM - ERROR - Failed to get customer | {}
2/20/2022, 9:33:30 AM - INFO - Server is running on port: 3030
2/20/2022, 9:33:54 AM - ERROR - while finding customer undefined | {}
2/20/2022, 9:33:54 AM - ERROR - Failed to get customer | {}
2/20/2022, 9:35:22 AM - ERROR - while finding customer undefined | {}
2/20/2022, 9:35:22 AM - ERROR - Failed to get customer | {}
2/20/2022, 9:35:48 AM - INFO - Server is running on port: 3030
2/20/2022, 10:09:28 AM - INFO - Server is running on port: 3030
2/20/2022, 10:09:44 AM - INFO - Server is running on port: 3030
2/20/2022, 10:10:16 AM - INFO - Server is running on port: 3030
2/20/2022, 10:10:27 AM - INFO - Server is running on port: 3030
2/20/2022, 10:51:48 AM - INFO - Server is running on port: 3030
2/20/2022, 12:47:39 PM - INFO - Server is running on port: 3030
2/20/2022, 12:54:34 PM - ERROR - while finding customer 62120606283186816b9bed3a | {}
2/20/2022, 12:54:34 PM - ERROR - Failed to get customer | {}
2/20/2022, 12:55:45 PM - ERROR - while finding customer 62121afec3155800165b7822 | {}
2/20/2022, 12:55:45 PM - ERROR - Failed to get customer | {}
2/20/2022, 12:56:21 PM - ERROR - while finding customer 62121afec3155800165b7822 | {}
2/20/2022, 12:56:21 PM - ERROR - Failed to get customer | {}
2/20/2022, 12:56:37 PM - INFO - Server is running on port: 3030
2/20/2022, 1:00:13 PM - INFO - Server is running on port: 3030
2/20/2022, 1:00:21 PM - ERROR - while finding customer 62115de42ad9891f895668c3 | {}
2/20/2022, 1:00:21 PM - ERROR - Failed to get customer | {}
2/20/2022, 1:01:02 PM - ERROR - while finding customer 62115de42ad9891f895668c3 | {}
2/20/2022, 1:01:02 PM - ERROR - Failed to get customer | {}
2/20/2022, 1:01:14 PM - ERROR - while finding customer 62115de42ad9891f895668c3 | {}
2/20/2022, 1:01:14 PM - ERROR - Failed to get customer | {}
2/20/2022, 1:10:09 PM - INFO - Server is running on port: 3030
2/21/2022, 8:33:38 PM - INFO - Server is running on port: 3030
2/22/2022, 9:04:17 AM - INFO - Server is running on port: 3030
2/23/2022, 8:15:32 AM - INFO - Server is running on port: 3030
2/23/2022, 5:33:45 PM - INFO - Server is running on port: 3030
3/3/2022, 12:17:17 PM - INFO - Server is running on port: 3030
3/3/2022, 12:52:49 PM - INFO - Server is running on port: 3030
3/3/2022, 12:55:35 PM - INFO - Server is running on port: 3030
